
> mood@1.0.0 build /home/roisin/Code/mood
> node --experimental-modules -r dotenv/config --no-warnings pulpfile.mjs build

[01:35:09] [task] › ▶  start     Deferred to "clean"
[01:35:09] [task] › ▶  start     Started "clean"
[01:35:09] [task] › ++  success   Finished task "clean" in 3ms
[01:35:09] [task] › ++  success   Finished deferral to "clean"
[01:35:09] [task] › ▶  start     Started "build"
[01:35:14] [task] › ++  failure   Failed "build" with Error: Command failed with exit code 2: ./node_modules/.bin/tsc
server/routes/get-metadata.ts(2,20): error TS7016: Could not find a declaration file for module 'nanoid'. '/home/roisin/Code/mood/node_modules/nanoid/index.js' implicitly has an 'any' type.
  Try `npm install @types/nanoid` if it exists or add a new declaration (.d.ts) file containing `declare module 'nanoid';`
server/routes/post-login.ts(8,21): error TS7016: Could not find a declaration file for module 'cookies'. '/home/roisin/Code/mood/node_modules/cookies/index.js' implicitly has an 'any' type.
  Try `npm install @types/cookies` if it exists or add a new declaration (.d.ts) file containing `declare module 'cookies';`
server/routes/post-login.ts(37,18): error TS2339: Property 'internalServerError' does not exist on type 'typeof import("@rgrannell/errors")'.
server/routes/post-register.ts(11,21): error TS7016: Could not find a declaration file for module 'cookies'. '/home/roisin/Code/mood/node_modules/cookies/index.js' implicitly has an 'any' type.
  Try `npm install @types/cookies` if it exists or add a new declaration (.d.ts) file containing `declare module 'cookies';`
server/routes/post-register.ts(46,18): error TS2339: Property 'internalServerError' does not exist on type 'typeof import("@rgrannell/errors")'.
server/routes/services/check-login.ts(2,21): error TS7016: Could not find a declaration file for module 'cookies'. '/home/roisin/Code/mood/node_modules/cookies/index.js' implicitly has an 'any' type.
  Try `npm install @types/cookies` if it exists or add a new declaration (.d.ts) file containing `declare module 'cookies';`
server/routes/services/check-login.ts(30,18): error TS2339: Property 'authorization' does not exist on type 'typeof import("@rgrannell/errors")'.
server/routes/services/signin-user.ts(27,18): error TS2339: Property 'unauthorized' does not exist on type 'typeof import("@rgrannell/errors")'.
server/routes/services/signin-user.ts(35,18): error TS2339: Property 'unauthorized' does not exist on type 'typeof import("@rgrannell/errors")'.
server/routes/shared/db/delete-moods.ts(22,46): error TS7006: Parameter 'ctx' implicitly has an 'any' type.
server/routes/shared/db/delete-moods.ts(24,18): error TS2339: Property 'unauthorized' does not exist on type 'typeof import("@rgrannell/errors")'.
server/routes/shared/db/delete-moods.ts(33,18): error TS2339: Property 'notFound' does not exist on type 'typeof import("@rgrannell/errors")'.
server/routes/shared/db/get-moods.ts(18,40): error TS7006: Parameter 'ctx' implicitly has an 'any' type.
server/routes/shared/db/get-moods.ts(40,24): error TS7006: Parameter 'datum0' implicitly has an 'any' type.
server/routes/shared/db/get-moods.ts(40,32): error TS7006: Parameter 'datum1' implicitly has an 'any' type.
server/routes/shared/db/get-session.ts(22,18): error TS2339: Property 'unauthorized' does not exist on type 'typeof import("@rgrannell/errors")'.
server/routes/shared/routes.ts(42,43): error TS7006: Parameter 'metadata' implicitly has an 'any' type.
server/routes/shared/routes.ts(66,20): error TS2339: Property 'methodNotAllowed' does not exist on type 'typeof import("@rgrannell/errors")'.
server/routes/shared/routes.ts(76,16): error TS2339: Property 'internalServerError' does not exist on type 'typeof import("@rgrannell/errors")'.
server/routes/shared/security.ts(43,18): error TS2339: Property 'internalServerError' does not exist on type 'typeof import("@rgrannell/errors")'.
server/routes/shared/security.ts(63,18): error TS2339: Property 'internalServerError' does not exist on type 'typeof import("@rgrannell/errors")'.
server/routes/shared/utils.ts(2,20): error TS7016: Could not find a declaration file for module 'nanoid'. '/home/roisin/Code/mood/node_modules/nanoid/index.js' implicitly has an 'any' type.
  Try `npm install @types/nanoid` if it exists or add a new declaration (.d.ts) file containing `declare module 'nanoid';`
server/routes/shared/utils.ts(61,11): error TS7006: Parameter 'userId' implicitly has an 'any' type.
server/routes/shared/validate.ts(42,31): error TS7006: Parameter 'req' implicitly has an 'any' type.
server/routes/shared/validate.ts(42,36): error TS7006: Parameter 'res' implicitly has an 'any' type.
server/routes/shared/validate.ts(46,22): error TS2339: Property 'badRequest' does not exist on type 'typeof import("@rgrannell/errors")'.
server/routes/shared/validate.ts(50,22): error TS2339: Property 'unprocessableEntity' does not exist on type 'typeof import("@rgrannell/errors")'.
server/routes/shared/validate.ts(53,22): error TS2339: Property 'unprocessableEntity' does not exist on type 'typeof import("@rgrannell/errors")'.
server/routes/shared/validate.ts(56,22): error TS2339: Property 'unprocessableEntity' does not exist on type 'typeof import("@rgrannell/errors")'.
server/routes/shared/validate.ts(65,33): error TS7006: Parameter 'req' implicitly has an 'any' type.
server/routes/shared/validate.ts(65,38): error TS7006: Parameter 'res' implicitly has an 'any' type.
server/routes/shared/validate.ts(69,22): error TS2339: Property 'badRequest' does not exist on type 'typeof import("@rgrannell/errors")'.
server/routes/shared/validate.ts(73,22): error TS2339: Property 'unprocessableEntity' does not exist on type 'typeof import("@rgrannell/errors")'.
server/routes/shared/validate.ts(76,22): error TS2339: Property 'unprocessableEntity' does not exist on type 'typeof import("@rgrannell/errors")'.
server/routes/shared/validate.ts(79,22): error TS2339: Property 'unprocessableEntity' does not exist on type 'typeof import("@rgrannell/errors")'.
server/routes/shared/validate.ts(82,22): error TS2339: Property 'unprocessableEntity' does not exist on type 'typeof import("@rgrannell/errors")'.
server/routes/shared/validate.ts(91,12): error TS7006: Parameter 'event' implicitly has an 'any' type.
server/routes/shared/validate.ts(91,19): error TS7006: Parameter 'ith' implicitly has an 'any' type.
server/routes/shared/validate.ts(93,22): error TS2339: Property 'unprocessableEntity' does not exist on type 'typeof import("@rgrannell/errors")'.
server/routes/shared/validate.ts(98,24): error TS2339: Property 'unprocessableEntity' does not exist on type 'typeof import("@rgrannell/errors")'.
server/routes/shared/validate.ts(102,24): error TS2339: Property 'unprocessableEntity' does not exist on type 'typeof import("@rgrannell/errors")'.
server/routes/shared/validate.ts(106,11): error TS7006: Parameter 'body' implicitly has an 'any' type.
server/routes/shared/validate.ts(110,22): error TS2339: Property 'unprocessableEntity' does not exist on type 'typeof import("@rgrannell/errors")'.
server/routes/shared/validate.ts(116,22): error TS2339: Property 'unprocessableEntity' does not exist on type 'typeof import("@rgrannell/errors")'.
server/routes/shared/validate.ts(122,22): error TS2339: Property 'unprocessableEntity' does not exist on type 'typeof import("@rgrannell/errors")'.
server/routes/shared/validate.ts(126,22): error TS2339: Property 'unprocessableEntity' does not exist on type 'typeof import("@rgrannell/errors")'.
server/routes/shared/validate.ts(130,22): error TS2339: Property 'unprocessableEntity' does not exist on type 'typeof import("@rgrannell/errors")'.
server/routes/shared/validate.ts(134,22): error TS2339: Property 'requestEntityTooLarge' does not exist on type 'typeof import("@rgrannell/errors")'.
server/routes/shared/validate.ts(137,31): error TS7006: Parameter 'event' implicitly has an 'any' type.
server/routes/shared/validate.ts(231,12): error TS7006: Parameter 'val' implicitly has an 'any' type."
Error: Command failed with exit code 2: ./node_modules/.bin/tsc
server/routes/get-metadata.ts(2,20): error TS7016: Could not find a declaration file for module 'nanoid'. '/home/roisin/Code/mood/node_modules/nanoid/index.js' implicitly has an 'any' type.
  Try `npm install @types/nanoid` if it exists or add a new declaration (.d.ts) file containing `declare module 'nanoid';`
server/routes/post-login.ts(8,21): error TS7016: Could not find a declaration file for module 'cookies'. '/home/roisin/Code/mood/node_modules/cookies/index.js' implicitly has an 'any' type.
  Try `npm install @types/cookies` if it exists or add a new declaration (.d.ts) file containing `declare module 'cookies';`
server/routes/post-login.ts(37,18): error TS2339: Property 'internalServerError' does not exist on type 'typeof import("@rgrannell/errors")'.
server/routes/post-register.ts(11,21): error TS7016: Could not find a declaration file for module 'cookies'. '/home/roisin/Code/mood/node_modules/cookies/index.js' implicitly has an 'any' type.
  Try `npm install @types/cookies` if it exists or add a new declaration (.d.ts) file containing `declare module 'cookies';`
server/routes/post-register.ts(46,18): error TS2339: Property 'internalServerError' does not exist on type 'typeof import("@rgrannell/errors")'.
server/routes/services/check-login.ts(2,21): error TS7016: Could not find a declaration file for module 'cookies'. '/home/roisin/Code/mood/node_modules/cookies/index.js' implicitly has an 'any' type.
  Try `npm install @types/cookies` if it exists or add a new declaration (.d.ts) file containing `declare module 'cookies';`
server/routes/services/check-login.ts(30,18): error TS2339: Property 'authorization' does not exist on type 'typeof import("@rgrannell/errors")'.
server/routes/services/signin-user.ts(27,18): error TS2339: Property 'unauthorized' does not exist on type 'typeof import("@rgrannell/errors")'.
server/routes/services/signin-user.ts(35,18): error TS2339: Property 'unauthorized' does not exist on type 'typeof import("@rgrannell/errors")'.
server/routes/shared/db/delete-moods.ts(22,46): error TS7006: Parameter 'ctx' implicitly has an 'any' type.
server/routes/shared/db/delete-moods.ts(24,18): error TS2339: Property 'unauthorized' does not exist on type 'typeof import("@rgrannell/errors")'.
server/routes/shared/db/delete-moods.ts(33,18): error TS2339: Property 'notFound' does not exist on type 'typeof import("@rgrannell/errors")'.
server/routes/shared/db/get-moods.ts(18,40): error TS7006: Parameter 'ctx' implicitly has an 'any' type.
server/routes/shared/db/get-moods.ts(40,24): error TS7006: Parameter 'datum0' implicitly has an 'any' type.
server/routes/shared/db/get-moods.ts(40,32): error TS7006: Parameter 'datum1' implicitly has an 'any' type.
server/routes/shared/db/get-session.ts(22,18): error TS2339: Property 'unauthorized' does not exist on type 'typeof import("@rgrannell/errors")'.
server/routes/shared/routes.ts(42,43): error TS7006: Parameter 'metadata' implicitly has an 'any' type.
server/routes/shared/routes.ts(66,20): error TS2339: Property 'methodNotAllowed' does not exist on type 'typeof import("@rgrannell/errors")'.
server/routes/shared/routes.ts(76,16): error TS2339: Property 'internalServerError' does not exist on type 'typeof import("@rgrannell/errors")'.
server/routes/shared/security.ts(43,18): error TS2339: Property 'internalServerError' does not exist on type 'typeof import("@rgrannell/errors")'.
server/routes/shared/security.ts(63,18): error TS2339: Property 'internalServerError' does not exist on type 'typeof import("@rgrannell/errors")'.
server/routes/shared/utils.ts(2,20): error TS7016: Could not find a declaration file for module 'nanoid'. '/home/roisin/Code/mood/node_modules/nanoid/index.js' implicitly has an 'any' type.
  Try `npm install @types/nanoid` if it exists or add a new declaration (.d.ts) file containing `declare module 'nanoid';`
server/routes/shared/utils.ts(61,11): error TS7006: Parameter 'userId' implicitly has an 'any' type.
server/routes/shared/validate.ts(42,31): error TS7006: Parameter 'req' implicitly has an 'any' type.
server/routes/shared/validate.ts(42,36): error TS7006: Parameter 'res' implicitly has an 'any' type.
server/routes/shared/validate.ts(46,22): error TS2339: Property 'badRequest' does not exist on type 'typeof import("@rgrannell/errors")'.
server/routes/shared/validate.ts(50,22): error TS2339: Property 'unprocessableEntity' does not exist on type 'typeof import("@rgrannell/errors")'.
server/routes/shared/validate.ts(53,22): error TS2339: Property 'unprocessableEntity' does not exist on type 'typeof import("@rgrannell/errors")'.
server/routes/shared/validate.ts(56,22): error TS2339: Property 'unprocessableEntity' does not exist on type 'typeof import("@rgrannell/errors")'.
server/routes/shared/validate.ts(65,33): error TS7006: Parameter 'req' implicitly has an 'any' type.
server/routes/shared/validate.ts(65,38): error TS7006: Parameter 'res' implicitly has an 'any' type.
server/routes/shared/validate.ts(69,22): error TS2339: Property 'badRequest' does not exist on type 'typeof import("@rgrannell/errors")'.
server/routes/shared/validate.ts(73,22): error TS2339: Property 'unprocessableEntity' does not exist on type 'typeof import("@rgrannell/errors")'.
server/routes/shared/validate.ts(76,22): error TS2339: Property 'unprocessableEntity' does not exist on type 'typeof import("@rgrannell/errors")'.
server/routes/shared/validate.ts(79,22): error TS2339: Property 'unprocessableEntity' does not exist on type 'typeof import("@rgrannell/errors")'.
server/routes/shared/validate.ts(82,22): error TS2339: Property 'unprocessableEntity' does not exist on type 'typeof import("@rgrannell/errors")'.
server/routes/shared/validate.ts(91,12): error TS7006: Parameter 'event' implicitly has an 'any' type.
server/routes/shared/validate.ts(91,19): error TS7006: Parameter 'ith' implicitly has an 'any' type.
server/routes/shared/validate.ts(93,22): error TS2339: Property 'unprocessableEntity' does not exist on type 'typeof import("@rgrannell/errors")'.
server/routes/shared/validate.ts(98,24): error TS2339: Property 'unprocessableEntity' does not exist on type 'typeof import("@rgrannell/errors")'.
server/routes/shared/validate.ts(102,24): error TS2339: Property 'unprocessableEntity' does not exist on type 'typeof import("@rgrannell/errors")'.
server/routes/shared/validate.ts(106,11): error TS7006: Parameter 'body' implicitly has an 'any' type.
server/routes/shared/validate.ts(110,22): error TS2339: Property 'unprocessableEntity' does not exist on type 'typeof import("@rgrannell/errors")'.
server/routes/shared/validate.ts(116,22): error TS2339: Property 'unprocessableEntity' does not exist on type 'typeof import("@rgrannell/errors")'.
server/routes/shared/validate.ts(122,22): error TS2339: Property 'unprocessableEntity' does not exist on type 'typeof import("@rgrannell/errors")'.
server/routes/shared/validate.ts(126,22): error TS2339: Property 'unprocessableEntity' does not exist on type 'typeof import("@rgrannell/errors")'.
server/routes/shared/validate.ts(130,22): error TS2339: Property 'unprocessableEntity' does not exist on type 'typeof import("@rgrannell/errors")'.
server/routes/shared/validate.ts(134,22): error TS2339: Property 'requestEntityTooLarge' does not exist on type 'typeof import("@rgrannell/errors")'.
server/routes/shared/validate.ts(137,31): error TS7006: Parameter 'event' implicitly has an 'any' type.
server/routes/shared/validate.ts(231,12): error TS7006: Parameter 'val' implicitly has an 'any' type.
    at makeError (/home/roisin/Code/mood/node_modules/execa/lib/error.js:58:11)
    at handlePromise (/home/roisin/Code/mood/node_modules/execa/index.js:114:26)
    at processTicksAndRejections (internal/process/task_queues.js:97:5)
    at async Object.build.server (file:///home/roisin/Code/mood/build/commands/build.mjs:49:30)
    at async Object.command.task (file:///home/roisin/Code/mood/build/commands/build.mjs:66:3)
    at async runTask (/home/roisin/Code/mood/node_modules/@rgrannell/pulp/index.js:48:5) after 5085ms
